<?xml version="1.0" encoding="UTF-8"?>
<testng-results ignored="0" total="17" passed="9" failed="2" skipped="6">
  <reporter-output>
  </reporter-output>
  <suite started-at="2019-10-14T19:04:21Z" name="RetryFailedTestCases" finished-at="2019-10-14T19:13:46Z" duration-ms="564579">
    <groups>
    </groups>
    <test started-at="2019-10-14T19:04:21Z" name="RetryMultipleFailedTestCases" finished-at="2019-10-14T19:13:46Z" duration-ms="564579">
      <class name="TestCaseDesktopBrowser.automation.HomeTestCases">
        <test-method is-config="true" signature="DataSetup()[pri:0, instance:TestCaseDesktopBrowser.automation.HomeTestCases@1a04f701]" started-at="2019-10-14T19:04:21Z" name="DataSetup" finished-at="2019-10-14T19:04:22Z" duration-ms="958" status="PASS">
          <reporter-output>
          </reporter-output>
        </test-method> <!-- DataSetup -->
        <test-method is-config="true" signature="SetPropertyForWebDriver()[pri:0, instance:TestCaseDesktopBrowser.automation.HomeTestCases@1a04f701]" started-at="2019-10-14T19:04:22Z" name="SetPropertyForWebDriver" finished-at="2019-10-14T19:04:44Z" duration-ms="21337" status="PASS">
          <reporter-output>
          </reporter-output>
        </test-method> <!-- SetPropertyForWebDriver -->
        <test-method signature="ExcelUploadinImportRequestFeatureInvalidFileType()[pri:0, instance:TestCaseDesktopBrowser.automation.HomeTestCases@1a04f701]" started-at="2019-10-14T19:04:44Z" name="ExcelUploadinImportRequestFeatureInvalidFileType" description="Import request from Excel Upload: Invalid File Type" finished-at="2019-10-14T19:05:09Z" duration-ms="25154" status="PASS">
          <reporter-output>
          </reporter-output>
        </test-method> <!-- ExcelUploadinImportRequestFeatureInvalidFileType -->
        <test-method is-config="true" signature="TearDown()[pri:0, instance:TestCaseDesktopBrowser.automation.HomeTestCases@1a04f701]" started-at="2019-10-14T19:05:09Z" name="TearDown" finished-at="2019-10-14T19:05:12Z" duration-ms="3353" status="PASS">
          <reporter-output>
          </reporter-output>
        </test-method> <!-- TearDown -->
        <test-method is-config="true" signature="SetPropertyForWebDriver()[pri:0, instance:TestCaseDesktopBrowser.automation.HomeTestCases@1a04f701]" started-at="2019-10-14T19:05:12Z" name="SetPropertyForWebDriver" finished-at="2019-10-14T19:05:30Z" duration-ms="17312" status="PASS">
          <reporter-output>
          </reporter-output>
        </test-method> <!-- SetPropertyForWebDriver -->
        <test-method signature="ExcelUploadinImportRequestFeatureInvalidTemplate()[pri:0, instance:TestCaseDesktopBrowser.automation.HomeTestCases@1a04f701]" started-at="2019-10-14T19:05:30Z" name="ExcelUploadinImportRequestFeatureInvalidTemplate" description="Import request from Excel Upload: Invalid Template" finished-at="2019-10-14T19:05:55Z" duration-ms="25046" status="PASS">
          <reporter-output>
          </reporter-output>
        </test-method> <!-- ExcelUploadinImportRequestFeatureInvalidTemplate -->
        <test-method is-config="true" signature="TearDown()[pri:0, instance:TestCaseDesktopBrowser.automation.HomeTestCases@1a04f701]" started-at="2019-10-14T19:05:55Z" name="TearDown" finished-at="2019-10-14T19:05:58Z" duration-ms="3387" status="PASS">
          <reporter-output>
          </reporter-output>
        </test-method> <!-- TearDown -->
        <test-method is-config="true" signature="SetPropertyForWebDriver()[pri:0, instance:TestCaseDesktopBrowser.automation.HomeTestCases@1a04f701]" started-at="2019-10-14T19:05:58Z" name="SetPropertyForWebDriver" finished-at="2019-10-14T19:06:23Z" duration-ms="24787" status="PASS">
          <reporter-output>
          </reporter-output>
        </test-method> <!-- SetPropertyForWebDriver -->
        <test-method signature="OpenCompletedRequestFromHomePage()[pri:0, instance:TestCaseDesktopBrowser.automation.HomeTestCases@1a04f701]" started-at="2019-10-14T19:06:23Z" name="OpenCompletedRequestFromHomePage" description="Open an exixsting Completed Request from Home Page And Assert the modify/Renew option" finished-at="2019-10-14T19:06:58Z" duration-ms="35199" status="PASS">
          <reporter-output>
          </reporter-output>
        </test-method> <!-- OpenCompletedRequestFromHomePage -->
        <test-method is-config="true" signature="TearDown()[pri:0, instance:TestCaseDesktopBrowser.automation.HomeTestCases@1a04f701]" started-at="2019-10-14T19:06:58Z" name="TearDown" finished-at="2019-10-14T19:07:01Z" duration-ms="3386" status="PASS">
          <reporter-output>
          </reporter-output>
        </test-method> <!-- TearDown -->
        <test-method is-config="true" signature="SetPropertyForWebDriver()[pri:0, instance:TestCaseDesktopBrowser.automation.HomeTestCases@1a04f701]" started-at="2019-10-14T19:07:01Z" name="SetPropertyForWebDriver" finished-at="2019-10-14T19:07:18Z" duration-ms="16980" status="PASS">
          <reporter-output>
          </reporter-output>
        </test-method> <!-- SetPropertyForWebDriver -->
        <test-method signature="OpenPendingSubmissionRequestFromHomePage()[pri:0, instance:TestCaseDesktopBrowser.automation.HomeTestCases@1a04f701]" started-at="2019-10-14T19:07:18Z" name="OpenPendingSubmissionRequestFromHomePage" description="Open an exixsting Pending Submission Request from Home Page And Assert if its editable" finished-at="2019-10-14T19:07:48Z" duration-ms="29237" status="PASS">
          <reporter-output>
          </reporter-output>
        </test-method> <!-- OpenPendingSubmissionRequestFromHomePage -->
        <test-method is-config="true" signature="TearDown()[pri:0, instance:TestCaseDesktopBrowser.automation.HomeTestCases@1a04f701]" started-at="2019-10-14T19:07:48Z" name="TearDown" finished-at="2019-10-14T19:07:51Z" duration-ms="3380" status="PASS">
          <reporter-output>
          </reporter-output>
        </test-method> <!-- TearDown -->
        <test-method is-config="true" signature="DataCleanUp()[pri:0, instance:TestCaseDesktopBrowser.automation.HomeTestCases@1a04f701]" started-at="2019-10-14T19:07:51Z" name="DataCleanUp" finished-at="2019-10-14T19:07:51Z" duration-ms="34" status="PASS">
          <reporter-output>
          </reporter-output>
        </test-method> <!-- DataCleanUp -->
      </class> <!-- TestCaseDesktopBrowser.automation.HomeTestCases -->
      <class name="TestCaseDesktopBrowser.automation.LoginTestCases">
        <test-method is-config="true" signature="DataSetup()[pri:0, instance:TestCaseDesktopBrowser.automation.LoginTestCases@d4342c2]" started-at="2019-10-14T19:12:18Z" name="DataSetup" finished-at="2019-10-14T19:12:18Z" duration-ms="2" status="PASS">
          <reporter-output>
          </reporter-output>
        </test-method> <!-- DataSetup -->
        <test-method is-config="true" signature="SetPropertyForWebDriver()[pri:0, instance:TestCaseDesktopBrowser.automation.LoginTestCases@d4342c2]" started-at="2019-10-14T19:12:18Z" name="SetPropertyForWebDriver" finished-at="2019-10-14T19:12:35Z" duration-ms="17562" status="PASS">
          <reporter-output>
          </reporter-output>
        </test-method> <!-- SetPropertyForWebDriver -->
        <test-method signature="LoginInValidPassword()[pri:0, instance:TestCaseDesktopBrowser.automation.LoginTestCases@d4342c2]" started-at="2019-10-14T19:12:35Z" name="LoginInValidPassword" description="TC003: Login with valid Username but invalid password" finished-at="2019-10-14T19:12:44Z" duration-ms="8534" status="PASS">
          <reporter-output>
          </reporter-output>
        </test-method> <!-- LoginInValidPassword -->
        <test-method is-config="true" signature="TearDown()[pri:0, instance:TestCaseDesktopBrowser.automation.LoginTestCases@d4342c2]" started-at="2019-10-14T19:12:44Z" name="TearDown" finished-at="2019-10-14T19:12:45Z" duration-ms="1620" status="PASS">
          <reporter-output>
          </reporter-output>
        </test-method> <!-- TearDown -->
        <test-method is-config="true" signature="SetPropertyForWebDriver()[pri:0, instance:TestCaseDesktopBrowser.automation.LoginTestCases@d4342c2]" started-at="2019-10-14T19:12:45Z" name="SetPropertyForWebDriver" finished-at="2019-10-14T19:13:03Z" duration-ms="17376" status="PASS">
          <reporter-output>
          </reporter-output>
        </test-method> <!-- SetPropertyForWebDriver -->
        <test-method signature="LoginInValidUserName()[pri:0, instance:TestCaseDesktopBrowser.automation.LoginTestCases@d4342c2]" started-at="2019-10-14T19:13:03Z" name="LoginInValidUserName" description="TC002: Login with Invalid Username" finished-at="2019-10-14T19:13:07Z" duration-ms="4651" status="PASS">
          <reporter-output>
          </reporter-output>
        </test-method> <!-- LoginInValidUserName -->
        <test-method is-config="true" signature="TearDown()[pri:0, instance:TestCaseDesktopBrowser.automation.LoginTestCases@d4342c2]" started-at="2019-10-14T19:13:07Z" name="TearDown" finished-at="2019-10-14T19:13:09Z" duration-ms="1690" status="PASS">
          <reporter-output>
          </reporter-output>
        </test-method> <!-- TearDown -->
        <test-method is-config="true" signature="SetPropertyForWebDriver()[pri:0, instance:TestCaseDesktopBrowser.automation.LoginTestCases@d4342c2]" started-at="2019-10-14T19:13:09Z" name="SetPropertyForWebDriver" finished-at="2019-10-14T19:13:28Z" duration-ms="18672" status="PASS">
          <reporter-output>
          </reporter-output>
        </test-method> <!-- SetPropertyForWebDriver -->
        <test-method signature="LoginValidCredentials()[pri:0, instance:TestCaseDesktopBrowser.automation.LoginTestCases@d4342c2]" started-at="2019-10-14T19:13:28Z" name="LoginValidCredentials" description="TC001: Login with valid Username and password" finished-at="2019-10-14T19:13:43Z" duration-ms="14926" status="PASS">
          <reporter-output>
          </reporter-output>
        </test-method> <!-- LoginValidCredentials -->
        <test-method is-config="true" signature="TearDown()[pri:0, instance:TestCaseDesktopBrowser.automation.LoginTestCases@d4342c2]" started-at="2019-10-14T19:13:43Z" name="TearDown" finished-at="2019-10-14T19:13:46Z" duration-ms="3323" status="PASS">
          <reporter-output>
          </reporter-output>
        </test-method> <!-- TearDown -->
      </class> <!-- TestCaseDesktopBrowser.automation.LoginTestCases -->
      <class name="TestCaseDesktopBrowser.automation.SearchTestCases">
        <test-method is-config="true" signature="DataSetup()[pri:0, instance:TestCaseDesktopBrowser.automation.SearchTestCases@4e91d63f]" started-at="2019-10-14T19:07:51Z" name="DataSetup" finished-at="2019-10-14T19:07:51Z" duration-ms="31" status="PASS">
          <reporter-output>
          </reporter-output>
        </test-method> <!-- DataSetup -->
        <test-method is-config="true" signature="SetPropertyForWebDriver(org.testng.ITestResult)[pri:0, instance:TestCaseDesktopBrowser.automation.SearchTestCases@4e91d63f]" started-at="2019-10-14T19:07:51Z" name="SetPropertyForWebDriver" finished-at="2019-10-14T19:08:08Z" duration-ms="17039" status="PASS">
          <params>
            <param index="0">
              <value>
                <![CDATA[[TestResult name=SearchCustomerAccountName status=SUCCESS method=SearchTestCases.SearchCustomerAccountName()[pri:0, instance:TestCaseDesktopBrowser.automation.SearchTestCases@4e91d63f] output={null}]]]>
              </value>
            </param>
          </params>
          <reporter-output>
          </reporter-output>
        </test-method> <!-- SetPropertyForWebDriver -->
        <test-method signature="SearchCustomerAccountName()[pri:0, instance:TestCaseDesktopBrowser.automation.SearchTestCases@4e91d63f]" started-at="2019-10-14T19:08:08Z" name="SearchCustomerAccountName" description="TC011: Search Customer by Account Name" finished-at="2019-10-14T19:08:44Z" duration-ms="36328" status="PASS">
          <reporter-output>
          </reporter-output>
        </test-method> <!-- SearchCustomerAccountName -->
        <test-method is-config="true" signature="TearDown()[pri:0, instance:TestCaseDesktopBrowser.automation.SearchTestCases@4e91d63f]" started-at="2019-10-14T19:08:44Z" name="TearDown" finished-at="2019-10-14T19:08:48Z" duration-ms="3348" status="PASS">
          <reporter-output>
          </reporter-output>
        </test-method> <!-- TearDown -->
        <test-method is-config="true" signature="SetPropertyForWebDriver(org.testng.ITestResult)[pri:0, instance:TestCaseDesktopBrowser.automation.SearchTestCases@4e91d63f]" started-at="2019-10-14T19:08:48Z" name="SetPropertyForWebDriver" finished-at="2019-10-14T19:09:06Z" duration-ms="18280" status="PASS">
          <params>
            <param index="0">
              <value>
                <![CDATA[[TestResult name=SearchCustomerAccountNumber status=SKIP method=SearchTestCases.SearchCustomerAccountNumber()[pri:0, instance:TestCaseDesktopBrowser.automation.SearchTestCases@4e91d63f] output={null}]]]>
              </value>
            </param>
          </params>
          <reporter-output>
          </reporter-output>
        </test-method> <!-- SetPropertyForWebDriver -->
        <test-method signature="SearchCustomerAccountNumber()[pri:0, instance:TestCaseDesktopBrowser.automation.SearchTestCases@4e91d63f]" started-at="2019-10-14T19:09:06Z" name="SearchCustomerAccountNumber" description="TC009: Search Customer by Account Number" finished-at="2019-10-14T19:09:06Z" duration-ms="2" status="SKIP">
          <exception class="java.lang.AssertionError">
            <message>
              <![CDATA[null]]>
            </message>
            <full-stacktrace>
              <![CDATA[java.lang.AssertionError: null
at org.testng.Assert.fail(Assert.java:96)
at org.testng.Assert.fail(Assert.java:103)
at Validation.AssertionsDesktopBrowser.AssertFail(AssertionsDesktopBrowser.java:45)
at TestCaseDesktopBrowser.automation.SearchTestCases.SearchCustomerAccountNumber(SearchTestCases.java:112)
at java.base/jdk.internal.reflect.NativeMethodAccessorImpl.invoke0(Native Method)
at java.base/jdk.internal.reflect.NativeMethodAccessorImpl.invoke(NativeMethodAccessorImpl.java:62)
at java.base/jdk.internal.reflect.DelegatingMethodAccessorImpl.invoke(DelegatingMethodAccessorImpl.java:43)
at java.base/java.lang.reflect.Method.invoke(Method.java:567)
at org.testng.internal.MethodInvocationHelper.invokeMethod(MethodInvocationHelper.java:124)
at org.testng.internal.Invoker.invokeMethod(Invoker.java:583)
at org.testng.internal.Invoker.invokeTestMethod(Invoker.java:719)
at org.testng.internal.Invoker.invokeTestMethods(Invoker.java:989)
at org.testng.internal.TestMethodWorker.invokeTestMethods(TestMethodWorker.java:125)
at org.testng.internal.TestMethodWorker.run(TestMethodWorker.java:109)
at org.testng.TestRunner.privateRun(TestRunner.java:648)
at org.testng.TestRunner.run(TestRunner.java:505)
at org.testng.SuiteRunner.runTest(SuiteRunner.java:455)
at org.testng.SuiteRunner.runSequentially(SuiteRunner.java:450)
at org.testng.SuiteRunner.privateRun(SuiteRunner.java:415)
at org.testng.SuiteRunner.run(SuiteRunner.java:364)
at org.testng.SuiteRunnerWorker.runSuite(SuiteRunnerWorker.java:52)
at org.testng.SuiteRunnerWorker.run(SuiteRunnerWorker.java:84)
at org.testng.TestNG.runSuitesSequentially(TestNG.java:1208)
at org.testng.TestNG.runSuitesLocally(TestNG.java:1137)
at org.testng.TestNG.runSuites(TestNG.java:1049)
at org.testng.TestNG.run(TestNG.java:1017)
at org.testng.remote.AbstractRemoteTestNG.run(AbstractRemoteTestNG.java:115)
at org.testng.remote.RemoteTestNG.initAndRun(RemoteTestNG.java:251)
at org.testng.remote.RemoteTestNG.main(RemoteTestNG.java:77)
]]>
            </full-stacktrace>
          </exception> <!-- java.lang.AssertionError -->
          <reporter-output>
          </reporter-output>
        </test-method> <!-- SearchCustomerAccountNumber -->
        <test-method is-config="true" signature="TearDown()[pri:0, instance:TestCaseDesktopBrowser.automation.SearchTestCases@4e91d63f]" started-at="2019-10-14T19:09:06Z" name="TearDown" finished-at="2019-10-14T19:09:08Z" duration-ms="1742" status="PASS">
          <reporter-output>
          </reporter-output>
        </test-method> <!-- TearDown -->
        <test-method is-config="true" signature="SetPropertyForWebDriver(org.testng.ITestResult)[pri:0, instance:TestCaseDesktopBrowser.automation.SearchTestCases@4e91d63f]" started-at="2019-10-14T19:09:08Z" name="SetPropertyForWebDriver" finished-at="2019-10-14T19:09:26Z" duration-ms="17735" status="PASS">
          <params>
            <param index="0">
              <value>
                <![CDATA[[TestResult name=SearchCustomerAccountNumber status=SKIP method=SearchTestCases.SearchCustomerAccountNumber()[pri:0, instance:TestCaseDesktopBrowser.automation.SearchTestCases@4e91d63f] output={null}]]]>
              </value>
            </param>
          </params>
          <reporter-output>
          </reporter-output>
        </test-method> <!-- SetPropertyForWebDriver -->
        <test-method signature="SearchCustomerAccountNumber()[pri:0, instance:TestCaseDesktopBrowser.automation.SearchTestCases@4e91d63f]" started-at="2019-10-14T19:09:26Z" name="SearchCustomerAccountNumber" description="TC009: Search Customer by Account Number" finished-at="2019-10-14T19:09:26Z" duration-ms="1" status="SKIP">
          <exception class="java.lang.AssertionError">
            <message>
              <![CDATA[null]]>
            </message>
            <full-stacktrace>
              <![CDATA[java.lang.AssertionError: null
at org.testng.Assert.fail(Assert.java:96)
at org.testng.Assert.fail(Assert.java:103)
at Validation.AssertionsDesktopBrowser.AssertFail(AssertionsDesktopBrowser.java:45)
at TestCaseDesktopBrowser.automation.SearchTestCases.SearchCustomerAccountNumber(SearchTestCases.java:112)
at java.base/jdk.internal.reflect.NativeMethodAccessorImpl.invoke0(Native Method)
at java.base/jdk.internal.reflect.NativeMethodAccessorImpl.invoke(NativeMethodAccessorImpl.java:62)
at java.base/jdk.internal.reflect.DelegatingMethodAccessorImpl.invoke(DelegatingMethodAccessorImpl.java:43)
at java.base/java.lang.reflect.Method.invoke(Method.java:567)
at org.testng.internal.MethodInvocationHelper.invokeMethod(MethodInvocationHelper.java:124)
at org.testng.internal.Invoker.invokeMethod(Invoker.java:583)
at org.testng.internal.Invoker.retryFailed(Invoker.java:839)
at org.testng.internal.Invoker.invokeTestMethods(Invoker.java:1010)
at org.testng.internal.TestMethodWorker.invokeTestMethods(TestMethodWorker.java:125)
at org.testng.internal.TestMethodWorker.run(TestMethodWorker.java:109)
at org.testng.TestRunner.privateRun(TestRunner.java:648)
at org.testng.TestRunner.run(TestRunner.java:505)
at org.testng.SuiteRunner.runTest(SuiteRunner.java:455)
at org.testng.SuiteRunner.runSequentially(SuiteRunner.java:450)
at org.testng.SuiteRunner.privateRun(SuiteRunner.java:415)
at org.testng.SuiteRunner.run(SuiteRunner.java:364)
at org.testng.SuiteRunnerWorker.runSuite(SuiteRunnerWorker.java:52)
at org.testng.SuiteRunnerWorker.run(SuiteRunnerWorker.java:84)
at org.testng.TestNG.runSuitesSequentially(TestNG.java:1208)
at org.testng.TestNG.runSuitesLocally(TestNG.java:1137)
at org.testng.TestNG.runSuites(TestNG.java:1049)
at org.testng.TestNG.run(TestNG.java:1017)
at org.testng.remote.AbstractRemoteTestNG.run(AbstractRemoteTestNG.java:115)
at org.testng.remote.RemoteTestNG.initAndRun(RemoteTestNG.java:251)
at org.testng.remote.RemoteTestNG.main(RemoteTestNG.java:77)
]]>
            </full-stacktrace>
          </exception> <!-- java.lang.AssertionError -->
          <reporter-output>
          </reporter-output>
        </test-method> <!-- SearchCustomerAccountNumber -->
        <test-method is-config="true" signature="TearDown()[pri:0, instance:TestCaseDesktopBrowser.automation.SearchTestCases@4e91d63f]" started-at="2019-10-14T19:09:26Z" name="TearDown" finished-at="2019-10-14T19:09:27Z" duration-ms="1776" status="PASS">
          <reporter-output>
          </reporter-output>
        </test-method> <!-- TearDown -->
        <test-method is-config="true" signature="SetPropertyForWebDriver(org.testng.ITestResult)[pri:0, instance:TestCaseDesktopBrowser.automation.SearchTestCases@4e91d63f]" started-at="2019-10-14T19:09:27Z" name="SetPropertyForWebDriver" finished-at="2019-10-14T19:09:46Z" duration-ms="18498" status="PASS">
          <params>
            <param index="0">
              <value>
                <![CDATA[[TestResult name=SearchCustomerAccountNumber status=SKIP method=SearchTestCases.SearchCustomerAccountNumber()[pri:0, instance:TestCaseDesktopBrowser.automation.SearchTestCases@4e91d63f] output={null}]]]>
              </value>
            </param>
          </params>
          <reporter-output>
          </reporter-output>
        </test-method> <!-- SetPropertyForWebDriver -->
        <test-method signature="SearchCustomerAccountNumber()[pri:0, instance:TestCaseDesktopBrowser.automation.SearchTestCases@4e91d63f]" started-at="2019-10-14T19:09:46Z" name="SearchCustomerAccountNumber" description="TC009: Search Customer by Account Number" finished-at="2019-10-14T19:09:46Z" duration-ms="2" status="SKIP">
          <exception class="java.lang.AssertionError">
            <message>
              <![CDATA[null]]>
            </message>
            <full-stacktrace>
              <![CDATA[java.lang.AssertionError: null
at org.testng.Assert.fail(Assert.java:96)
at org.testng.Assert.fail(Assert.java:103)
at Validation.AssertionsDesktopBrowser.AssertFail(AssertionsDesktopBrowser.java:45)
at TestCaseDesktopBrowser.automation.SearchTestCases.SearchCustomerAccountNumber(SearchTestCases.java:112)
at java.base/jdk.internal.reflect.NativeMethodAccessorImpl.invoke0(Native Method)
at java.base/jdk.internal.reflect.NativeMethodAccessorImpl.invoke(NativeMethodAccessorImpl.java:62)
at java.base/jdk.internal.reflect.DelegatingMethodAccessorImpl.invoke(DelegatingMethodAccessorImpl.java:43)
at java.base/java.lang.reflect.Method.invoke(Method.java:567)
at org.testng.internal.MethodInvocationHelper.invokeMethod(MethodInvocationHelper.java:124)
at org.testng.internal.Invoker.invokeMethod(Invoker.java:583)
at org.testng.internal.Invoker.retryFailed(Invoker.java:839)
at org.testng.internal.Invoker.invokeTestMethods(Invoker.java:1010)
at org.testng.internal.TestMethodWorker.invokeTestMethods(TestMethodWorker.java:125)
at org.testng.internal.TestMethodWorker.run(TestMethodWorker.java:109)
at org.testng.TestRunner.privateRun(TestRunner.java:648)
at org.testng.TestRunner.run(TestRunner.java:505)
at org.testng.SuiteRunner.runTest(SuiteRunner.java:455)
at org.testng.SuiteRunner.runSequentially(SuiteRunner.java:450)
at org.testng.SuiteRunner.privateRun(SuiteRunner.java:415)
at org.testng.SuiteRunner.run(SuiteRunner.java:364)
at org.testng.SuiteRunnerWorker.runSuite(SuiteRunnerWorker.java:52)
at org.testng.SuiteRunnerWorker.run(SuiteRunnerWorker.java:84)
at org.testng.TestNG.runSuitesSequentially(TestNG.java:1208)
at org.testng.TestNG.runSuitesLocally(TestNG.java:1137)
at org.testng.TestNG.runSuites(TestNG.java:1049)
at org.testng.TestNG.run(TestNG.java:1017)
at org.testng.remote.AbstractRemoteTestNG.run(AbstractRemoteTestNG.java:115)
at org.testng.remote.RemoteTestNG.initAndRun(RemoteTestNG.java:251)
at org.testng.remote.RemoteTestNG.main(RemoteTestNG.java:77)
]]>
            </full-stacktrace>
          </exception> <!-- java.lang.AssertionError -->
          <reporter-output>
          </reporter-output>
        </test-method> <!-- SearchCustomerAccountNumber -->
        <test-method is-config="true" signature="TearDown()[pri:0, instance:TestCaseDesktopBrowser.automation.SearchTestCases@4e91d63f]" started-at="2019-10-14T19:09:46Z" name="TearDown" finished-at="2019-10-14T19:09:47Z" duration-ms="1640" status="PASS">
          <reporter-output>
          </reporter-output>
        </test-method> <!-- TearDown -->
        <test-method is-config="true" signature="SetPropertyForWebDriver(org.testng.ITestResult)[pri:0, instance:TestCaseDesktopBrowser.automation.SearchTestCases@4e91d63f]" started-at="2019-10-14T19:09:47Z" name="SetPropertyForWebDriver" finished-at="2019-10-14T19:10:04Z" duration-ms="17062" status="PASS">
          <params>
            <param index="0">
              <value>
                <![CDATA[[TestResult name=SearchCustomerAccountNumber status=FAILURE method=SearchTestCases.SearchCustomerAccountNumber()[pri:0, instance:TestCaseDesktopBrowser.automation.SearchTestCases@4e91d63f] output={null}]]]>
              </value>
            </param>
          </params>
          <reporter-output>
          </reporter-output>
        </test-method> <!-- SetPropertyForWebDriver -->
        <test-method signature="SearchCustomerAccountNumber()[pri:0, instance:TestCaseDesktopBrowser.automation.SearchTestCases@4e91d63f]" started-at="2019-10-14T19:10:04Z" name="SearchCustomerAccountNumber" description="TC009: Search Customer by Account Number" finished-at="2019-10-14T19:10:04Z" duration-ms="1" status="FAIL">
          <exception class="java.lang.AssertionError">
            <message>
              <![CDATA[null]]>
            </message>
            <full-stacktrace>
              <![CDATA[java.lang.AssertionError: null
at org.testng.Assert.fail(Assert.java:96)
at org.testng.Assert.fail(Assert.java:103)
at Validation.AssertionsDesktopBrowser.AssertFail(AssertionsDesktopBrowser.java:45)
at TestCaseDesktopBrowser.automation.SearchTestCases.SearchCustomerAccountNumber(SearchTestCases.java:112)
at java.base/jdk.internal.reflect.NativeMethodAccessorImpl.invoke0(Native Method)
at java.base/jdk.internal.reflect.NativeMethodAccessorImpl.invoke(NativeMethodAccessorImpl.java:62)
at java.base/jdk.internal.reflect.DelegatingMethodAccessorImpl.invoke(DelegatingMethodAccessorImpl.java:43)
at java.base/java.lang.reflect.Method.invoke(Method.java:567)
at org.testng.internal.MethodInvocationHelper.invokeMethod(MethodInvocationHelper.java:124)
at org.testng.internal.Invoker.invokeMethod(Invoker.java:583)
at org.testng.internal.Invoker.retryFailed(Invoker.java:839)
at org.testng.internal.Invoker.invokeTestMethods(Invoker.java:1010)
at org.testng.internal.TestMethodWorker.invokeTestMethods(TestMethodWorker.java:125)
at org.testng.internal.TestMethodWorker.run(TestMethodWorker.java:109)
at org.testng.TestRunner.privateRun(TestRunner.java:648)
at org.testng.TestRunner.run(TestRunner.java:505)
at org.testng.SuiteRunner.runTest(SuiteRunner.java:455)
at org.testng.SuiteRunner.runSequentially(SuiteRunner.java:450)
at org.testng.SuiteRunner.privateRun(SuiteRunner.java:415)
at org.testng.SuiteRunner.run(SuiteRunner.java:364)
at org.testng.SuiteRunnerWorker.runSuite(SuiteRunnerWorker.java:52)
at org.testng.SuiteRunnerWorker.run(SuiteRunnerWorker.java:84)
at org.testng.TestNG.runSuitesSequentially(TestNG.java:1208)
at org.testng.TestNG.runSuitesLocally(TestNG.java:1137)
at org.testng.TestNG.runSuites(TestNG.java:1049)
at org.testng.TestNG.run(TestNG.java:1017)
at org.testng.remote.AbstractRemoteTestNG.run(AbstractRemoteTestNG.java:115)
at org.testng.remote.RemoteTestNG.initAndRun(RemoteTestNG.java:251)
at org.testng.remote.RemoteTestNG.main(RemoteTestNG.java:77)
]]>
            </full-stacktrace>
          </exception> <!-- java.lang.AssertionError -->
          <reporter-output>
          </reporter-output>
        </test-method> <!-- SearchCustomerAccountNumber -->
        <test-method is-config="true" signature="TearDown()[pri:0, instance:TestCaseDesktopBrowser.automation.SearchTestCases@4e91d63f]" started-at="2019-10-14T19:10:04Z" name="TearDown" finished-at="2019-10-14T19:10:06Z" duration-ms="1697" status="PASS">
          <reporter-output>
          </reporter-output>
        </test-method> <!-- TearDown -->
        <test-method is-config="true" signature="SetPropertyForWebDriver(org.testng.ITestResult)[pri:0, instance:TestCaseDesktopBrowser.automation.SearchTestCases@4e91d63f]" started-at="2019-10-14T19:10:06Z" name="SetPropertyForWebDriver" finished-at="2019-10-14T19:10:26Z" duration-ms="19967" status="PASS">
          <params>
            <param index="0">
              <value>
                <![CDATA[[TestResult name=SearchCustomerBusinessEntityID status=SKIP method=SearchTestCases.SearchCustomerBusinessEntityID()[pri:0, instance:TestCaseDesktopBrowser.automation.SearchTestCases@4e91d63f] output={null}]]]>
              </value>
            </param>
          </params>
          <reporter-output>
          </reporter-output>
        </test-method> <!-- SetPropertyForWebDriver -->
        <test-method signature="SearchCustomerBusinessEntityID()[pri:0, instance:TestCaseDesktopBrowser.automation.SearchTestCases@4e91d63f]" started-at="2019-10-14T19:10:26Z" name="SearchCustomerBusinessEntityID" description="TC010: Search Customer by Business Entity ID (BE ID)" finished-at="2019-10-14T19:10:26Z" duration-ms="3" status="SKIP">
          <exception class="java.lang.AssertionError">
            <message>
              <![CDATA[expected [true] but found [false]]]>
            </message>
            <full-stacktrace>
              <![CDATA[java.lang.AssertionError: expected [true] but found [false]
at org.testng.Assert.fail(Assert.java:96)
at org.testng.Assert.failNotEquals(Assert.java:776)
at org.testng.Assert.assertTrue(Assert.java:44)
at org.testng.Assert.assertTrue(Assert.java:54)
at Validation.AssertionsDesktopBrowser.AssertTrue(AssertionsDesktopBrowser.java:60)
at TestCaseDesktopBrowser.automation.SearchTestCases.SearchCustomerBusinessEntityID(SearchTestCases.java:132)
at java.base/jdk.internal.reflect.NativeMethodAccessorImpl.invoke0(Native Method)
at java.base/jdk.internal.reflect.NativeMethodAccessorImpl.invoke(NativeMethodAccessorImpl.java:62)
at java.base/jdk.internal.reflect.DelegatingMethodAccessorImpl.invoke(DelegatingMethodAccessorImpl.java:43)
at java.base/java.lang.reflect.Method.invoke(Method.java:567)
at org.testng.internal.MethodInvocationHelper.invokeMethod(MethodInvocationHelper.java:124)
at org.testng.internal.Invoker.invokeMethod(Invoker.java:583)
at org.testng.internal.Invoker.invokeTestMethod(Invoker.java:719)
at org.testng.internal.Invoker.invokeTestMethods(Invoker.java:989)
at org.testng.internal.TestMethodWorker.invokeTestMethods(TestMethodWorker.java:125)
at org.testng.internal.TestMethodWorker.run(TestMethodWorker.java:109)
at org.testng.TestRunner.privateRun(TestRunner.java:648)
at org.testng.TestRunner.run(TestRunner.java:505)
at org.testng.SuiteRunner.runTest(SuiteRunner.java:455)
at org.testng.SuiteRunner.runSequentially(SuiteRunner.java:450)
at org.testng.SuiteRunner.privateRun(SuiteRunner.java:415)
at org.testng.SuiteRunner.run(SuiteRunner.java:364)
at org.testng.SuiteRunnerWorker.runSuite(SuiteRunnerWorker.java:52)
at org.testng.SuiteRunnerWorker.run(SuiteRunnerWorker.java:84)
at org.testng.TestNG.runSuitesSequentially(TestNG.java:1208)
at org.testng.TestNG.runSuitesLocally(TestNG.java:1137)
at org.testng.TestNG.runSuites(TestNG.java:1049)
at org.testng.TestNG.run(TestNG.java:1017)
at org.testng.remote.AbstractRemoteTestNG.run(AbstractRemoteTestNG.java:115)
at org.testng.remote.RemoteTestNG.initAndRun(RemoteTestNG.java:251)
at org.testng.remote.RemoteTestNG.main(RemoteTestNG.java:77)
]]>
            </full-stacktrace>
          </exception> <!-- java.lang.AssertionError -->
          <reporter-output>
          </reporter-output>
        </test-method> <!-- SearchCustomerBusinessEntityID -->
        <test-method is-config="true" signature="TearDown()[pri:0, instance:TestCaseDesktopBrowser.automation.SearchTestCases@4e91d63f]" started-at="2019-10-14T19:10:26Z" name="TearDown" finished-at="2019-10-14T19:10:28Z" duration-ms="1786" status="PASS">
          <reporter-output>
          </reporter-output>
        </test-method> <!-- TearDown -->
        <test-method is-config="true" signature="SetPropertyForWebDriver(org.testng.ITestResult)[pri:0, instance:TestCaseDesktopBrowser.automation.SearchTestCases@4e91d63f]" started-at="2019-10-14T19:10:28Z" name="SetPropertyForWebDriver" finished-at="2019-10-14T19:10:45Z" duration-ms="16878" status="PASS">
          <params>
            <param index="0">
              <value>
                <![CDATA[[TestResult name=SearchCustomerBusinessEntityID status=SKIP method=SearchTestCases.SearchCustomerBusinessEntityID()[pri:0, instance:TestCaseDesktopBrowser.automation.SearchTestCases@4e91d63f] output={null}]]]>
              </value>
            </param>
          </params>
          <reporter-output>
          </reporter-output>
        </test-method> <!-- SetPropertyForWebDriver -->
        <test-method signature="SearchCustomerBusinessEntityID()[pri:0, instance:TestCaseDesktopBrowser.automation.SearchTestCases@4e91d63f]" started-at="2019-10-14T19:10:45Z" name="SearchCustomerBusinessEntityID" description="TC010: Search Customer by Business Entity ID (BE ID)" finished-at="2019-10-14T19:10:45Z" duration-ms="1" status="SKIP">
          <exception class="java.lang.AssertionError">
            <message>
              <![CDATA[expected [true] but found [false]]]>
            </message>
            <full-stacktrace>
              <![CDATA[java.lang.AssertionError: expected [true] but found [false]
at org.testng.Assert.fail(Assert.java:96)
at org.testng.Assert.failNotEquals(Assert.java:776)
at org.testng.Assert.assertTrue(Assert.java:44)
at org.testng.Assert.assertTrue(Assert.java:54)
at Validation.AssertionsDesktopBrowser.AssertTrue(AssertionsDesktopBrowser.java:60)
at TestCaseDesktopBrowser.automation.SearchTestCases.SearchCustomerBusinessEntityID(SearchTestCases.java:132)
at java.base/jdk.internal.reflect.NativeMethodAccessorImpl.invoke0(Native Method)
at java.base/jdk.internal.reflect.NativeMethodAccessorImpl.invoke(NativeMethodAccessorImpl.java:62)
at java.base/jdk.internal.reflect.DelegatingMethodAccessorImpl.invoke(DelegatingMethodAccessorImpl.java:43)
at java.base/java.lang.reflect.Method.invoke(Method.java:567)
at org.testng.internal.MethodInvocationHelper.invokeMethod(MethodInvocationHelper.java:124)
at org.testng.internal.Invoker.invokeMethod(Invoker.java:583)
at org.testng.internal.Invoker.retryFailed(Invoker.java:839)
at org.testng.internal.Invoker.invokeTestMethods(Invoker.java:1010)
at org.testng.internal.TestMethodWorker.invokeTestMethods(TestMethodWorker.java:125)
at org.testng.internal.TestMethodWorker.run(TestMethodWorker.java:109)
at org.testng.TestRunner.privateRun(TestRunner.java:648)
at org.testng.TestRunner.run(TestRunner.java:505)
at org.testng.SuiteRunner.runTest(SuiteRunner.java:455)
at org.testng.SuiteRunner.runSequentially(SuiteRunner.java:450)
at org.testng.SuiteRunner.privateRun(SuiteRunner.java:415)
at org.testng.SuiteRunner.run(SuiteRunner.java:364)
at org.testng.SuiteRunnerWorker.runSuite(SuiteRunnerWorker.java:52)
at org.testng.SuiteRunnerWorker.run(SuiteRunnerWorker.java:84)
at org.testng.TestNG.runSuitesSequentially(TestNG.java:1208)
at org.testng.TestNG.runSuitesLocally(TestNG.java:1137)
at org.testng.TestNG.runSuites(TestNG.java:1049)
at org.testng.TestNG.run(TestNG.java:1017)
at org.testng.remote.AbstractRemoteTestNG.run(AbstractRemoteTestNG.java:115)
at org.testng.remote.RemoteTestNG.initAndRun(RemoteTestNG.java:251)
at org.testng.remote.RemoteTestNG.main(RemoteTestNG.java:77)
]]>
            </full-stacktrace>
          </exception> <!-- java.lang.AssertionError -->
          <reporter-output>
          </reporter-output>
        </test-method> <!-- SearchCustomerBusinessEntityID -->
        <test-method is-config="true" signature="TearDown()[pri:0, instance:TestCaseDesktopBrowser.automation.SearchTestCases@4e91d63f]" started-at="2019-10-14T19:10:45Z" name="TearDown" finished-at="2019-10-14T19:10:47Z" duration-ms="1730" status="PASS">
          <reporter-output>
          </reporter-output>
        </test-method> <!-- TearDown -->
        <test-method is-config="true" signature="SetPropertyForWebDriver(org.testng.ITestResult)[pri:0, instance:TestCaseDesktopBrowser.automation.SearchTestCases@4e91d63f]" started-at="2019-10-14T19:10:47Z" name="SetPropertyForWebDriver" finished-at="2019-10-14T19:11:04Z" duration-ms="17315" status="PASS">
          <params>
            <param index="0">
              <value>
                <![CDATA[[TestResult name=SearchCustomerBusinessEntityID status=SKIP method=SearchTestCases.SearchCustomerBusinessEntityID()[pri:0, instance:TestCaseDesktopBrowser.automation.SearchTestCases@4e91d63f] output={null}]]]>
              </value>
            </param>
          </params>
          <reporter-output>
          </reporter-output>
        </test-method> <!-- SetPropertyForWebDriver -->
        <test-method signature="SearchCustomerBusinessEntityID()[pri:0, instance:TestCaseDesktopBrowser.automation.SearchTestCases@4e91d63f]" started-at="2019-10-14T19:11:04Z" name="SearchCustomerBusinessEntityID" description="TC010: Search Customer by Business Entity ID (BE ID)" finished-at="2019-10-14T19:11:04Z" duration-ms="1" status="SKIP">
          <exception class="java.lang.AssertionError">
            <message>
              <![CDATA[expected [true] but found [false]]]>
            </message>
            <full-stacktrace>
              <![CDATA[java.lang.AssertionError: expected [true] but found [false]
at org.testng.Assert.fail(Assert.java:96)
at org.testng.Assert.failNotEquals(Assert.java:776)
at org.testng.Assert.assertTrue(Assert.java:44)
at org.testng.Assert.assertTrue(Assert.java:54)
at Validation.AssertionsDesktopBrowser.AssertTrue(AssertionsDesktopBrowser.java:60)
at TestCaseDesktopBrowser.automation.SearchTestCases.SearchCustomerBusinessEntityID(SearchTestCases.java:132)
at java.base/jdk.internal.reflect.NativeMethodAccessorImpl.invoke0(Native Method)
at java.base/jdk.internal.reflect.NativeMethodAccessorImpl.invoke(NativeMethodAccessorImpl.java:62)
at java.base/jdk.internal.reflect.DelegatingMethodAccessorImpl.invoke(DelegatingMethodAccessorImpl.java:43)
at java.base/java.lang.reflect.Method.invoke(Method.java:567)
at org.testng.internal.MethodInvocationHelper.invokeMethod(MethodInvocationHelper.java:124)
at org.testng.internal.Invoker.invokeMethod(Invoker.java:583)
at org.testng.internal.Invoker.retryFailed(Invoker.java:839)
at org.testng.internal.Invoker.invokeTestMethods(Invoker.java:1010)
at org.testng.internal.TestMethodWorker.invokeTestMethods(TestMethodWorker.java:125)
at org.testng.internal.TestMethodWorker.run(TestMethodWorker.java:109)
at org.testng.TestRunner.privateRun(TestRunner.java:648)
at org.testng.TestRunner.run(TestRunner.java:505)
at org.testng.SuiteRunner.runTest(SuiteRunner.java:455)
at org.testng.SuiteRunner.runSequentially(SuiteRunner.java:450)
at org.testng.SuiteRunner.privateRun(SuiteRunner.java:415)
at org.testng.SuiteRunner.run(SuiteRunner.java:364)
at org.testng.SuiteRunnerWorker.runSuite(SuiteRunnerWorker.java:52)
at org.testng.SuiteRunnerWorker.run(SuiteRunnerWorker.java:84)
at org.testng.TestNG.runSuitesSequentially(TestNG.java:1208)
at org.testng.TestNG.runSuitesLocally(TestNG.java:1137)
at org.testng.TestNG.runSuites(TestNG.java:1049)
at org.testng.TestNG.run(TestNG.java:1017)
at org.testng.remote.AbstractRemoteTestNG.run(AbstractRemoteTestNG.java:115)
at org.testng.remote.RemoteTestNG.initAndRun(RemoteTestNG.java:251)
at org.testng.remote.RemoteTestNG.main(RemoteTestNG.java:77)
]]>
            </full-stacktrace>
          </exception> <!-- java.lang.AssertionError -->
          <reporter-output>
          </reporter-output>
        </test-method> <!-- SearchCustomerBusinessEntityID -->
        <test-method is-config="true" signature="TearDown()[pri:0, instance:TestCaseDesktopBrowser.automation.SearchTestCases@4e91d63f]" started-at="2019-10-14T19:11:04Z" name="TearDown" finished-at="2019-10-14T19:11:06Z" duration-ms="1680" status="PASS">
          <reporter-output>
          </reporter-output>
        </test-method> <!-- TearDown -->
        <test-method is-config="true" signature="SetPropertyForWebDriver(org.testng.ITestResult)[pri:0, instance:TestCaseDesktopBrowser.automation.SearchTestCases@4e91d63f]" started-at="2019-10-14T19:11:06Z" name="SetPropertyForWebDriver" finished-at="2019-10-14T19:11:23Z" duration-ms="17176" status="PASS">
          <params>
            <param index="0">
              <value>
                <![CDATA[[TestResult name=SearchCustomerBusinessEntityID status=FAILURE method=SearchTestCases.SearchCustomerBusinessEntityID()[pri:0, instance:TestCaseDesktopBrowser.automation.SearchTestCases@4e91d63f] output={null}]]]>
              </value>
            </param>
          </params>
          <reporter-output>
          </reporter-output>
        </test-method> <!-- SetPropertyForWebDriver -->
        <test-method signature="SearchCustomerBusinessEntityID()[pri:0, instance:TestCaseDesktopBrowser.automation.SearchTestCases@4e91d63f]" started-at="2019-10-14T19:11:23Z" name="SearchCustomerBusinessEntityID" description="TC010: Search Customer by Business Entity ID (BE ID)" finished-at="2019-10-14T19:11:23Z" duration-ms="1" status="FAIL">
          <exception class="java.lang.AssertionError">
            <message>
              <![CDATA[expected [true] but found [false]]]>
            </message>
            <full-stacktrace>
              <![CDATA[java.lang.AssertionError: expected [true] but found [false]
at org.testng.Assert.fail(Assert.java:96)
at org.testng.Assert.failNotEquals(Assert.java:776)
at org.testng.Assert.assertTrue(Assert.java:44)
at org.testng.Assert.assertTrue(Assert.java:54)
at Validation.AssertionsDesktopBrowser.AssertTrue(AssertionsDesktopBrowser.java:60)
at TestCaseDesktopBrowser.automation.SearchTestCases.SearchCustomerBusinessEntityID(SearchTestCases.java:132)
at java.base/jdk.internal.reflect.NativeMethodAccessorImpl.invoke0(Native Method)
at java.base/jdk.internal.reflect.NativeMethodAccessorImpl.invoke(NativeMethodAccessorImpl.java:62)
at java.base/jdk.internal.reflect.DelegatingMethodAccessorImpl.invoke(DelegatingMethodAccessorImpl.java:43)
at java.base/java.lang.reflect.Method.invoke(Method.java:567)
at org.testng.internal.MethodInvocationHelper.invokeMethod(MethodInvocationHelper.java:124)
at org.testng.internal.Invoker.invokeMethod(Invoker.java:583)
at org.testng.internal.Invoker.retryFailed(Invoker.java:839)
at org.testng.internal.Invoker.invokeTestMethods(Invoker.java:1010)
at org.testng.internal.TestMethodWorker.invokeTestMethods(TestMethodWorker.java:125)
at org.testng.internal.TestMethodWorker.run(TestMethodWorker.java:109)
at org.testng.TestRunner.privateRun(TestRunner.java:648)
at org.testng.TestRunner.run(TestRunner.java:505)
at org.testng.SuiteRunner.runTest(SuiteRunner.java:455)
at org.testng.SuiteRunner.runSequentially(SuiteRunner.java:450)
at org.testng.SuiteRunner.privateRun(SuiteRunner.java:415)
at org.testng.SuiteRunner.run(SuiteRunner.java:364)
at org.testng.SuiteRunnerWorker.runSuite(SuiteRunnerWorker.java:52)
at org.testng.SuiteRunnerWorker.run(SuiteRunnerWorker.java:84)
at org.testng.TestNG.runSuitesSequentially(TestNG.java:1208)
at org.testng.TestNG.runSuitesLocally(TestNG.java:1137)
at org.testng.TestNG.runSuites(TestNG.java:1049)
at org.testng.TestNG.run(TestNG.java:1017)
at org.testng.remote.AbstractRemoteTestNG.run(AbstractRemoteTestNG.java:115)
at org.testng.remote.RemoteTestNG.initAndRun(RemoteTestNG.java:251)
at org.testng.remote.RemoteTestNG.main(RemoteTestNG.java:77)
]]>
            </full-stacktrace>
          </exception> <!-- java.lang.AssertionError -->
          <reporter-output>
          </reporter-output>
        </test-method> <!-- SearchCustomerBusinessEntityID -->
        <test-method is-config="true" signature="TearDown()[pri:0, instance:TestCaseDesktopBrowser.automation.SearchTestCases@4e91d63f]" started-at="2019-10-14T19:11:23Z" name="TearDown" finished-at="2019-10-14T19:11:24Z" duration-ms="1590" status="PASS">
          <reporter-output>
          </reporter-output>
        </test-method> <!-- TearDown -->
        <test-method is-config="true" signature="SetPropertyForWebDriver(org.testng.ITestResult)[pri:0, instance:TestCaseDesktopBrowser.automation.SearchTestCases@4e91d63f]" started-at="2019-10-14T19:11:24Z" name="SetPropertyForWebDriver" finished-at="2019-10-14T19:11:44Z" duration-ms="19678" status="PASS">
          <params>
            <param index="0">
              <value>
                <![CDATA[[TestResult name=SearchCustomerPartyID status=SUCCESS method=SearchTestCases.SearchCustomerPartyID()[pri:0, instance:TestCaseDesktopBrowser.automation.SearchTestCases@4e91d63f] output={null}]]]>
              </value>
            </param>
          </params>
          <reporter-output>
          </reporter-output>
        </test-method> <!-- SetPropertyForWebDriver -->
        <test-method signature="SearchCustomerPartyID()[pri:0, instance:TestCaseDesktopBrowser.automation.SearchTestCases@4e91d63f]" started-at="2019-10-14T19:11:44Z" name="SearchCustomerPartyID" description="TC008: Search Customer by Party ID" finished-at="2019-10-14T19:12:14Z" duration-ms="30259" status="PASS">
          <reporter-output>
          </reporter-output>
        </test-method> <!-- SearchCustomerPartyID -->
        <test-method is-config="true" signature="TearDown()[pri:0, instance:TestCaseDesktopBrowser.automation.SearchTestCases@4e91d63f]" started-at="2019-10-14T19:12:14Z" name="TearDown" finished-at="2019-10-14T19:12:18Z" duration-ms="3343" status="PASS">
          <reporter-output>
          </reporter-output>
        </test-method> <!-- TearDown -->
        <test-method is-config="true" signature="DataCleanUp()[pri:0, instance:TestCaseDesktopBrowser.automation.SearchTestCases@4e91d63f]" started-at="2019-10-14T19:12:18Z" name="DataCleanUp" finished-at="2019-10-14T19:12:18Z" duration-ms="3" status="PASS">
          <reporter-output>
          </reporter-output>
        </test-method> <!-- DataCleanUp -->
      </class> <!-- TestCaseDesktopBrowser.automation.SearchTestCases -->
    </test> <!-- RetryMultipleFailedTestCases -->
  </suite> <!-- RetryFailedTestCases -->
</testng-results>
