<?xml version="1.0" encoding="UTF-8"?>
<!-- Generated by org.testng.reporters.JUnitReportReporter -->
<testsuite hostname="AKMUKHOP-15P1W" failures="1" tests="3" name="TestCaseDesktopBrowser.automation.SearchTestCases" time="224.558" errors="0" timestamp="10 Apr 2020 10:13:18 GMT" skipped="0">
  <testcase classname="TestCaseDesktopBrowser.automation.SearchTestCases" name="SearchCustomerAccountNumber" time="53.760">
    <failure message="Exception Caused: element click intercepted: Element &lt;span kdfid=&quot;tpTgglBtn2&quot; kdfapp=&quot;edia&quot; kdfpage=&quot;header&quot; id=&quot;tpTgglBtn2&quot; class=&quot;raised&quot; style=&quot;float:left;&quot; onclick=&quot;toggleTopButton(2);&quot;&gt;...&lt;/span&gt; is not clickable at point (434, 101). Other element would receive the click: &lt;div class=&quot;icwModalWashout&quot; id=&quot;icwModalWashout1586513410220&quot; style=&quot;height: 873px; width: 1583px;&quot;&gt;...&lt;/div&gt;
  (Session info: chrome=79.0.3945.88)
Build info: version: &#039;3.141.59&#039;, revision: &#039;e82be7d358&#039;, time: &#039;2018-11-14T08:17:03&#039;
System info: host: &#039;AKMUKHOP-15P1W&#039;, ip: &#039;10.107.73.229&#039;, os.name: &#039;Windows 10&#039;, os.arch: &#039;amd64&#039;, os.version: &#039;10.0&#039;, java.version: &#039;12.0.1&#039;
Driver info: org.openqa.selenium.chrome.ChromeDriver
Capabilities {acceptInsecureCerts: false, browserName: chrome, browserVersion: 79.0.3945.88, chrome: {chromedriverVersion: 78.0.3904.70 (edb9c9f3de024..., userDataDir: C:\Users\akmukhop\AppData\L...}, goog:chromeOptions: {debuggerAddress: localhost:56745}, javascriptEnabled: true, networkConnectionEnabled: false, pageLoadStrategy: normal, platform: XP, platformName: XP, proxy: Proxy(), setWindowRect: true, strictFileInteractability: false, timeouts: {implicit: 0, pageLoad: 300000, script: 30000}, unhandledPromptBehavior: dismiss and notify}
Session ID: 2d1f8fb7f7a0b77697237e486a681a89" type="java.lang.AssertionError">
      <![CDATA[java.lang.AssertionError: Exception Caused: element click intercepted: Element <span kdfid="tpTgglBtn2" kdfapp="edia" kdfpage="header" id="tpTgglBtn2" class="raised" style="float:left;" onclick="toggleTopButton(2);">...</span> is not clickable at point (434, 101). Other element would receive the click: <div class="icwModalWashout" id="icwModalWashout1586513410220" style="height: 873px; width: 1583px;">...</div>
  (Session info: chrome=79.0.3945.88)
Build info: version: '3.141.59', revision: 'e82be7d358', time: '2018-11-14T08:17:03'
System info: host: 'AKMUKHOP-15P1W', ip: '10.107.73.229', os.name: 'Windows 10', os.arch: 'amd64', os.version: '10.0', java.version: '12.0.1'
Driver info: org.openqa.selenium.chrome.ChromeDriver
Capabilities {acceptInsecureCerts: false, browserName: chrome, browserVersion: 79.0.3945.88, chrome: {chromedriverVersion: 78.0.3904.70 (edb9c9f3de024..., userDataDir: C:\Users\akmukhop\AppData\L...}, goog:chromeOptions: {debuggerAddress: localhost:56745}, javascriptEnabled: true, networkConnectionEnabled: false, pageLoadStrategy: normal, platform: XP, platformName: XP, proxy: Proxy(), setWindowRect: true, strictFileInteractability: false, timeouts: {implicit: 0, pageLoad: 300000, script: 30000}, unhandledPromptBehavior: dismiss and notify}
Session ID: 2d1f8fb7f7a0b77697237e486a681a89
at org.testng.Assert.fail(Assert.java:96)
at Validation.AssertionsDesktopBrowser.AssertFailMessage(AssertionsDesktopBrowser.java:51)
at TestCaseDesktopBrowser.automation.SearchTestCases.SearchCustomerAccountNumber(SearchTestCases.java:159)
at java.base/jdk.internal.reflect.NativeMethodAccessorImpl.invoke0(Native Method)
at java.base/jdk.internal.reflect.NativeMethodAccessorImpl.invoke(NativeMethodAccessorImpl.java:62)
at java.base/jdk.internal.reflect.DelegatingMethodAccessorImpl.invoke(DelegatingMethodAccessorImpl.java:43)
at java.base/java.lang.reflect.Method.invoke(Method.java:567)
at org.testng.internal.MethodInvocationHelper.invokeMethod(MethodInvocationHelper.java:124)
at org.testng.internal.Invoker.invokeMethod(Invoker.java:583)
at org.testng.internal.Invoker.invokeTestMethod(Invoker.java:719)
at org.testng.internal.Invoker.invokeTestMethods(Invoker.java:989)
at org.testng.internal.TestMethodWorker.invokeTestMethods(TestMethodWorker.java:125)
at org.testng.internal.TestMethodWorker.run(TestMethodWorker.java:109)
at org.testng.TestRunner.privateRun(TestRunner.java:648)
at org.testng.TestRunner.run(TestRunner.java:505)
at org.testng.SuiteRunner.runTest(SuiteRunner.java:455)
at org.testng.SuiteRunner.runSequentially(SuiteRunner.java:450)
at org.testng.SuiteRunner.privateRun(SuiteRunner.java:415)
at org.testng.SuiteRunner.run(SuiteRunner.java:364)
at org.testng.SuiteRunnerWorker.runSuite(SuiteRunnerWorker.java:52)
at org.testng.SuiteRunnerWorker.run(SuiteRunnerWorker.java:84)
at org.testng.TestNG.runSuitesSequentially(TestNG.java:1208)
at org.testng.TestNG.runSuitesLocally(TestNG.java:1137)
at org.testng.TestNG.runSuites(TestNG.java:1049)
at org.testng.TestNG.run(TestNG.java:1017)
at org.testng.remote.AbstractRemoteTestNG.run(AbstractRemoteTestNG.java:115)
at org.testng.remote.RemoteTestNG.initAndRun(RemoteTestNG.java:251)
at org.testng.remote.RemoteTestNG.main(RemoteTestNG.java:77)
]]>
    </failure>
  </testcase> <!-- SearchCustomerAccountNumber -->
  <testcase classname="TestCaseDesktopBrowser.automation.SearchTestCases" name="SearchCustomerBusinessEntityID" time="90.207"/>
  <testcase classname="TestCaseDesktopBrowser.automation.SearchTestCases" name="SearchCustomerPartyID" time="80.591"/>
</testsuite> <!-- TestCaseDesktopBrowser.automation.SearchTestCases -->
